<?xml version="1.0" encoding="UTF-8"?>
<testng-results ignored="0" total="1" passed="1" failed="0" skipped="0">
  <reporter-output>
  </reporter-output>
  <suite started-at="2023-10-12T19:51:54 IST" name="Amazon" finished-at="2023-10-12T19:51:58 IST" duration-ms="3885">
    <groups>
    </groups>
    <test started-at="2023-10-12T19:51:54 IST" name="LoginTest" finished-at="2023-10-12T19:51:58 IST" duration-ms="3885">
      <class name="com.ecommerce.testcases.LoginTest">
        <test-method is-config="true" signature="setUp()[pri:0, instance:com.ecommerce.testcases.LoginTest@c333c60]" started-at="2023-10-12T19:51:50 IST" name="setUp" finished-at="2023-10-12T19:51:54 IST" duration-ms="4252" status="PASS">
          <reporter-output>
          </reporter-output>
        </test-method> <!-- setUp -->
        <test-method signature="Login()[pri:0, instance:com.ecommerce.testcases.LoginTest@c333c60]" started-at="2023-10-12T19:51:54 IST" name="Login" finished-at="2023-10-12T19:51:58 IST" duration-ms="3848" status="PASS">
          <reporter-output>
          </reporter-output>
        </test-method> <!-- Login -->
      </class> <!-- com.ecommerce.testcases.LoginTest -->
    </test> <!-- LoginTest -->
  </suite> <!-- Amazon -->
</testng-results>
