<?xml version="1.0" encoding="UTF-8"?>
<!-- Generated by org.testng.reporters.JUnitXMLReporter -->
<testsuite ignored="1" hostname="Vanita" failures="0" tests="1" name="Default test" time="4.019" errors="0" timestamp="2023-10-12T20:41:35 IST">
  <testcase classname="com.ecommerce.testcases.LoginTest" name="Login" time="3.972"/>
  <testcase classname="com.ecommerce.base.TestBase" name="@BeforeSuite setUp" time="0.0">
    <ignored/>
  </testcase> <!-- @BeforeSuite setUp -->
</testsuite> <!-- Default test -->
