<?xml version="1.0" encoding="UTF-8"?>
<!-- Generated by org.testng.reporters.JUnitXMLReporter -->
<testsuite ignored="0" hostname="Vanita" failures="1" tests="2" name="LoginTest" time="3.656" errors="0" timestamp="08 Aug 2023 08:53:18 GMT">
  <testcase classname="com.ecommerce.testcases.LoginTest" name="Login" time="3.637"/>
  <testcase classname="com.ecommerce.testcases.LoginTest" name="Login" time="3.643">
    <failure type="java.lang.NullPointerException" message="Cannot invoke &amp;quot;String.toUpperCase()&amp;quot; because the return value of &amp;quot;org.testng.ITestResult.getTestName()&amp;quot; is null">
      <![CDATA[java.lang.NullPointerException: Cannot invoke "String.toUpperCase()" because the return value of "org.testng.ITestResult.getTestName()" is null
at com.ecommerce.listeners.CustomListeners.onTestSuccess(CustomListeners.java:31)
... Removed 22 stack frames]]>
    </failure>
  </testcase> <!-- Login -->
</testsuite> <!-- LoginTest -->
